[0m[1mdata.archive_file.lambda_zip: Reading...[0m[0m
[0m[1mdata.archive_file.lambda_zip: Read complete after 0s [id=b79a2ea4f2628645b98b6a9f60f435cc464b0a84][0m
[0m[1mdata.aws_caller_identity.current: Reading...[0m[0m
[0m[1maws_iam_role.lambda_exec_role: Refreshing state... [id=y2om-route53-dns-log-lambda-role][0m
[0m[1mdata.aws_caller_identity.current: Read complete after 0s [id=404457776061][0m
[0m[1maws_cloudwatch_log_group.route53_query_logs: Refreshing state... [id=/aws/route53/y2om-query-logs][0m
[0m[1mdata.aws_caller_identity.us_east_1: Reading...[0m[0m
[0m[1mdata.aws_caller_identity.us_east_1: Read complete after 1s [id=404457776061][0m
[0m[1maws_cloudwatch_log_resource_policy.route53_logs_policy: Refreshing state... [id=y2om-route53-query-logging-policy][0m
[0m[1maws_route53_query_log.main: Refreshing state... [id=0a63bd6d-75a0-480e-bbb3-a51ea1dad037][0m
[0m[1maws_iam_role_policy.lambda_basic_execution: Refreshing state... [id=y2om-route53-dns-log-lambda-role:y2om-lambda-basic-execution][0m
[0m[1maws_opensearch_domain.route53_logs: Refreshing state... [id=arn:aws:es:ap-northeast-2:404457776061:domain/y2om-route53-dns-logs][0m
[0m[1maws_iam_role_policy.lambda_opensearch_access: Refreshing state... [id=y2om-route53-dns-log-lambda-role:y2om-lambda-opensearch-access][0m
[0m[1maws_lambda_function.route53_log_processor: Refreshing state... [id=y2om-route53-dns-log-processor][0m
[0m[1maws_lambda_permission.allow_cloudwatch_logs: Refreshing state... [id=AllowExecutionFromCloudWatchLogs][0m
[0m[1maws_cloudwatch_log_subscription_filter.lambda_trigger: Refreshing state... [id=cwlsf-3068706236][0m

Terraform used the selected providers to generate the following execution
plan. Resource actions are indicated with the following symbols:
  [33m~[0m update in-place[0m

Terraform will perform the following actions:

[1m  # aws_opensearch_domain.route53_logs[0m will be updated in-place
[0m  [33m~[0m[0m resource "aws_opensearch_domain" "route53_logs" {
        id                 = "arn:aws:es:ap-northeast-2:404457776061:domain/y2om-route53-dns-logs"
        tags               = {
            "Name" = "Route53 DNS Logs"
        }
        [90m# (11 unchanged attributes hidden)[0m[0m

      [32m+[0m[0m advanced_security_options {
          [32m+[0m[0m enabled                        = true
          [32m+[0m[0m internal_user_database_enabled = true

          [32m+[0m[0m master_user_options {
              [32m+[0m[0m master_user_name     = "admin"
              [32m+[0m[0m master_user_password = (sensitive value)
            }
        }

        [90m# (10 unchanged blocks hidden)[0m[0m
    }

[1mPlan:[0m 0 to add, 1 to change, 0 to destroy.
[0m[0m[1maws_opensearch_domain.route53_logs: Modifying... [id=arn:aws:es:ap-northeast-2:404457776061:domain/y2om-route53-dns-logs][0m[0m
[0m[1maws_opensearch_domain.route53_logs: Still modifying... [id=arn:aws:es:ap-northeast-2:404457776061:domain/y2om-route53-dns-logs, 10s elapsed][0m[0m
[0m[1maws_opensearch_domain.route53_logs: Still modifying... [id=arn:aws:es:ap-northeast-2:404457776061:domain/y2om-route53-dns-logs, 20s elapsed][0m[0m
[0m[1maws_opensearch_domain.route53_logs: Still modifying... [id=arn:aws:es:ap-northeast-2:404457776061:domain/y2om-route53-dns-logs, 30s elapsed][0m[0m
[0m[1maws_opensearch_domain.route53_logs: Still modifying... [id=arn:aws:es:ap-northeast-2:404457776061:domain/y2om-route53-dns-logs, 40s elapsed][0m[0m
[0m[1maws_opensearch_domain.route53_logs: Still modifying... [id=arn:aws:es:ap-northeast-2:404457776061:domain/y2om-route53-dns-logs, 50s elapsed][0m[0m
[0m[1maws_opensearch_domain.route53_logs: Still modifying... [id=arn:aws:es:ap-northeast-2:404457776061:domain/y2om-route53-dns-logs, 1m0s elapsed][0m[0m
[0m[1maws_opensearch_domain.route53_logs: Still modifying... [id=arn:aws:es:ap-northeast-2:404457776061:domain/y2om-route53-dns-logs, 1m10s elapsed][0m[0m
[0m[1maws_opensearch_domain.route53_logs: Still modifying... [id=arn:aws:es:ap-northeast-2:404457776061:domain/y2om-route53-dns-logs, 1m20s elapsed][0m[0m
[0m[1maws_opensearch_domain.route53_logs: Still modifying... [id=arn:aws:es:ap-northeast-2:404457776061:domain/y2om-route53-dns-logs, 1m30s elapsed][0m[0m
[0m[1maws_opensearch_domain.route53_logs: Still modifying... [id=arn:aws:es:ap-northeast-2:404457776061:domain/y2om-route53-dns-logs, 1m40s elapsed][0m[0m
[0m[1maws_opensearch_domain.route53_logs: Still modifying... [id=arn:aws:es:ap-northeast-2:404457776061:domain/y2om-route53-dns-logs, 1m50s elapsed][0m[0m
[0m[1maws_opensearch_domain.route53_logs: Still modifying... [id=arn:aws:es:ap-northeast-2:404457776061:domain/y2om-route53-dns-logs, 2m0s elapsed][0m[0m
[0m[1maws_opensearch_domain.route53_logs: Still modifying... [id=arn:aws:es:ap-northeast-2:404457776061:domain/y2om-route53-dns-logs, 2m10s elapsed][0m[0m
[0m[1maws_opensearch_domain.route53_logs: Still modifying... [id=arn:aws:es:ap-northeast-2:404457776061:domain/y2om-route53-dns-logs, 2m20s elapsed][0m[0m
[0m[1maws_opensearch_domain.route53_logs: Still modifying... [id=arn:aws:es:ap-northeast-2:404457776061:domain/y2om-route53-dns-logs, 2m30s elapsed][0m[0m
[0m[1maws_opensearch_domain.route53_logs: Still modifying... [id=arn:aws:es:ap-northeast-2:404457776061:domain/y2om-route53-dns-logs, 2m40s elapsed][0m[0m
[0m[1maws_opensearch_domain.route53_logs: Still modifying... [id=arn:aws:es:ap-northeast-2:404457776061:domain/y2om-route53-dns-logs, 2m50s elapsed][0m[0m
[0m[1maws_opensearch_domain.route53_logs: Still modifying... [id=arn:aws:es:ap-northeast-2:404457776061:domain/y2om-route53-dns-logs, 3m0s elapsed][0m[0m
[0m[1maws_opensearch_domain.route53_logs: Still modifying... [id=arn:aws:es:ap-northeast-2:404457776061:domain/y2om-route53-dns-logs, 3m10s elapsed][0m[0m
[0m[1maws_opensearch_domain.route53_logs: Still modifying... [id=arn:aws:es:ap-northeast-2:404457776061:domain/y2om-route53-dns-logs, 3m20s elapsed][0m[0m
[0m[1maws_opensearch_domain.route53_logs: Still modifying... [id=arn:aws:es:ap-northeast-2:404457776061:domain/y2om-route53-dns-logs, 3m30s elapsed][0m[0m
[0m[1maws_opensearch_domain.route53_logs: Still modifying... [id=arn:aws:es:ap-northeast-2:404457776061:domain/y2om-route53-dns-logs, 3m40s elapsed][0m[0m
[0m[1maws_opensearch_domain.route53_logs: Still modifying... [id=arn:aws:es:ap-northeast-2:404457776061:domain/y2om-route53-dns-logs, 3m50s elapsed][0m[0m
[0m[1maws_opensearch_domain.route53_logs: Still modifying... [id=arn:aws:es:ap-northeast-2:404457776061:domain/y2om-route53-dns-logs, 4m0s elapsed][0m[0m
[0m[1maws_opensearch_domain.route53_logs: Still modifying... [id=arn:aws:es:ap-northeast-2:404457776061:domain/y2om-route53-dns-logs, 4m10s elapsed][0m[0m
[0m[1maws_opensearch_domain.route53_logs: Still modifying... [id=arn:aws:es:ap-northeast-2:404457776061:domain/y2om-route53-dns-logs, 4m20s elapsed][0m[0m
[0m[1maws_opensearch_domain.route53_logs: Still modifying... [id=arn:aws:es:ap-northeast-2:404457776061:domain/y2om-route53-dns-logs, 4m30s elapsed][0m[0m
[0m[1maws_opensearch_domain.route53_logs: Still modifying... [id=arn:aws:es:ap-northeast-2:404457776061:domain/y2om-route53-dns-logs, 4m40s elapsed][0m[0m
[0m[1maws_opensearch_domain.route53_logs: Still modifying... [id=arn:aws:es:ap-northeast-2:404457776061:domain/y2om-route53-dns-logs, 4m50s elapsed][0m[0m
[0m[1maws_opensearch_domain.route53_logs: Still modifying... [id=arn:aws:es:ap-northeast-2:404457776061:domain/y2om-route53-dns-logs, 5m0s elapsed][0m[0m
[0m[1maws_opensearch_domain.route53_logs: Still modifying... [id=arn:aws:es:ap-northeast-2:404457776061:domain/y2om-route53-dns-logs, 5m10s elapsed][0m[0m
[0m[1maws_opensearch_domain.route53_logs: Still modifying... [id=arn:aws:es:ap-northeast-2:404457776061:domain/y2om-route53-dns-logs, 5m20s elapsed][0m[0m
[0m[1maws_opensearch_domain.route53_logs: Still modifying... [id=arn:aws:es:ap-northeast-2:404457776061:domain/y2om-route53-dns-logs, 5m30s elapsed][0m[0m
[0m[1maws_opensearch_domain.route53_logs: Still modifying... [id=arn:aws:es:ap-northeast-2:404457776061:domain/y2om-route53-dns-logs, 5m40s elapsed][0m[0m
[0m[1maws_opensearch_domain.route53_logs: Still modifying... [id=arn:aws:es:ap-northeast-2:404457776061:domain/y2om-route53-dns-logs, 5m50s elapsed][0m[0m
[0m[1maws_opensearch_domain.route53_logs: Still modifying... [id=arn:aws:es:ap-northeast-2:404457776061:domain/y2om-route53-dns-logs, 6m0s elapsed][0m[0m
[0m[1maws_opensearch_domain.route53_logs: Still modifying... [id=arn:aws:es:ap-northeast-2:404457776061:domain/y2om-route53-dns-logs, 6m10s elapsed][0m[0m
[0m[1maws_opensearch_domain.route53_logs: Still modifying... [id=arn:aws:es:ap-northeast-2:404457776061:domain/y2om-route53-dns-logs, 6m20s elapsed][0m[0m
[0m[1maws_opensearch_domain.route53_logs: Still modifying... [id=arn:aws:es:ap-northeast-2:404457776061:domain/y2om-route53-dns-logs, 6m30s elapsed][0m[0m
[0m[1maws_opensearch_domain.route53_logs: Still modifying... [id=arn:aws:es:ap-northeast-2:404457776061:domain/y2om-route53-dns-logs, 6m40s elapsed][0m[0m
[0m[1maws_opensearch_domain.route53_logs: Still modifying... [id=arn:aws:es:ap-northeast-2:404457776061:domain/y2om-route53-dns-logs, 6m50s elapsed][0m[0m
[0m[1maws_opensearch_domain.route53_logs: Still modifying... [id=arn:aws:es:ap-northeast-2:404457776061:domain/y2om-route53-dns-logs, 7m0s elapsed][0m[0m
[0m[1maws_opensearch_domain.route53_logs: Still modifying... [id=arn:aws:es:ap-northeast-2:404457776061:domain/y2om-route53-dns-logs, 7m10s elapsed][0m[0m
[0m[1maws_opensearch_domain.route53_logs: Still modifying... [id=arn:aws:es:ap-northeast-2:404457776061:domain/y2om-route53-dns-logs, 7m20s elapsed][0m[0m
[0m[1maws_opensearch_domain.route53_logs: Still modifying... [id=arn:aws:es:ap-northeast-2:404457776061:domain/y2om-route53-dns-logs, 7m30s elapsed][0m[0m
[0m[1maws_opensearch_domain.route53_logs: Still modifying... [id=arn:aws:es:ap-northeast-2:404457776061:domain/y2om-route53-dns-logs, 7m40s elapsed][0m[0m
[0m[1maws_opensearch_domain.route53_logs: Still modifying... [id=arn:aws:es:ap-northeast-2:404457776061:domain/y2om-route53-dns-logs, 7m50s elapsed][0m[0m
[0m[1maws_opensearch_domain.route53_logs: Still modifying... [id=arn:aws:es:ap-northeast-2:404457776061:domain/y2om-route53-dns-logs, 8m0s elapsed][0m[0m
[0m[1maws_opensearch_domain.route53_logs: Still modifying... [id=arn:aws:es:ap-northeast-2:404457776061:domain/y2om-route53-dns-logs, 8m10s elapsed][0m[0m
[0m[1maws_opensearch_domain.route53_logs: Still modifying... [id=arn:aws:es:ap-northeast-2:404457776061:domain/y2om-route53-dns-logs, 8m20s elapsed][0m[0m
[0m[1maws_opensearch_domain.route53_logs: Still modifying... [id=arn:aws:es:ap-northeast-2:404457776061:domain/y2om-route53-dns-logs, 8m30s elapsed][0m[0m
[0m[1maws_opensearch_domain.route53_logs: Still modifying... [id=arn:aws:es:ap-northeast-2:404457776061:domain/y2om-route53-dns-logs, 8m40s elapsed][0m[0m
[0m[1maws_opensearch_domain.route53_logs: Still modifying... [id=arn:aws:es:ap-northeast-2:404457776061:domain/y2om-route53-dns-logs, 8m50s elapsed][0m[0m
[0m[1maws_opensearch_domain.route53_logs: Still modifying... [id=arn:aws:es:ap-northeast-2:404457776061:domain/y2om-route53-dns-logs, 9m0s elapsed][0m[0m
[0m[1maws_opensearch_domain.route53_logs: Still modifying... [id=arn:aws:es:ap-northeast-2:404457776061:domain/y2om-route53-dns-logs, 9m10s elapsed][0m[0m
[0m[1maws_opensearch_domain.route53_logs: Still modifying... [id=arn:aws:es:ap-northeast-2:404457776061:domain/y2om-route53-dns-logs, 9m20s elapsed][0m[0m
[0m[1maws_opensearch_domain.route53_logs: Still modifying... [id=arn:aws:es:ap-northeast-2:404457776061:domain/y2om-route53-dns-logs, 9m30s elapsed][0m[0m
[0m[1maws_opensearch_domain.route53_logs: Still modifying... [id=arn:aws:es:ap-northeast-2:404457776061:domain/y2om-route53-dns-logs, 9m40s elapsed][0m[0m
[0m[1maws_opensearch_domain.route53_logs: Still modifying... [id=arn:aws:es:ap-northeast-2:404457776061:domain/y2om-route53-dns-logs, 9m50s elapsed][0m[0m
[0m[1maws_opensearch_domain.route53_logs: Still modifying... [id=arn:aws:es:ap-northeast-2:404457776061:domain/y2om-route53-dns-logs, 10m0s elapsed][0m[0m
[0m[1maws_opensearch_domain.route53_logs: Still modifying... [id=arn:aws:es:ap-northeast-2:404457776061:domain/y2om-route53-dns-logs, 10m10s elapsed][0m[0m
[0m[1maws_opensearch_domain.route53_logs: Still modifying... [id=arn:aws:es:ap-northeast-2:404457776061:domain/y2om-route53-dns-logs, 10m20s elapsed][0m[0m
[0m[1maws_opensearch_domain.route53_logs: Still modifying... [id=arn:aws:es:ap-northeast-2:404457776061:domain/y2om-route53-dns-logs, 10m30s elapsed][0m[0m
[0m[1maws_opensearch_domain.route53_logs: Still modifying... [id=arn:aws:es:ap-northeast-2:404457776061:domain/y2om-route53-dns-logs, 10m40s elapsed][0m[0m
[0m[1maws_opensearch_domain.route53_logs: Still modifying... [id=arn:aws:es:ap-northeast-2:404457776061:domain/y2om-route53-dns-logs, 10m50s elapsed][0m[0m
[0m[1maws_opensearch_domain.route53_logs: Still modifying... [id=arn:aws:es:ap-northeast-2:404457776061:domain/y2om-route53-dns-logs, 11m0s elapsed][0m[0m
[0m[1maws_opensearch_domain.route53_logs: Still modifying... [id=arn:aws:es:ap-northeast-2:404457776061:domain/y2om-route53-dns-logs, 11m10s elapsed][0m[0m
[0m[1maws_opensearch_domain.route53_logs: Still modifying... [id=arn:aws:es:ap-northeast-2:404457776061:domain/y2om-route53-dns-logs, 11m20s elapsed][0m[0m
[0m[1maws_opensearch_domain.route53_logs: Still modifying... [id=arn:aws:es:ap-northeast-2:404457776061:domain/y2om-route53-dns-logs, 11m30s elapsed][0m[0m
[0m[1maws_opensearch_domain.route53_logs: Still modifying... [id=arn:aws:es:ap-northeast-2:404457776061:domain/y2om-route53-dns-logs, 11m40s elapsed][0m[0m
[0m[1maws_opensearch_domain.route53_logs: Still modifying... [id=arn:aws:es:ap-northeast-2:404457776061:domain/y2om-route53-dns-logs, 11m50s elapsed][0m[0m
[0m[1maws_opensearch_domain.route53_logs: Still modifying... [id=arn:aws:es:ap-northeast-2:404457776061:domain/y2om-route53-dns-logs, 12m0s elapsed][0m[0m
[0m[1maws_opensearch_domain.route53_logs: Still modifying... [id=arn:aws:es:ap-northeast-2:404457776061:domain/y2om-route53-dns-logs, 12m10s elapsed][0m[0m
[0m[1maws_opensearch_domain.route53_logs: Still modifying... [id=arn:aws:es:ap-northeast-2:404457776061:domain/y2om-route53-dns-logs, 12m20s elapsed][0m[0m
[0m[1maws_opensearch_domain.route53_logs: Still modifying... [id=arn:aws:es:ap-northeast-2:404457776061:domain/y2om-route53-dns-logs, 12m30s elapsed][0m[0m
[0m[1maws_opensearch_domain.route53_logs: Still modifying... [id=arn:aws:es:ap-northeast-2:404457776061:domain/y2om-route53-dns-logs, 12m40s elapsed][0m[0m
[0m[1maws_opensearch_domain.route53_logs: Still modifying... [id=arn:aws:es:ap-northeast-2:404457776061:domain/y2om-route53-dns-logs, 12m50s elapsed][0m[0m
[0m[1maws_opensearch_domain.route53_logs: Still modifying... [id=arn:aws:es:ap-northeast-2:404457776061:domain/y2om-route53-dns-logs, 13m0s elapsed][0m[0m
[0m[1maws_opensearch_domain.route53_logs: Still modifying... [id=arn:aws:es:ap-northeast-2:404457776061:domain/y2om-route53-dns-logs, 13m10s elapsed][0m[0m
[0m[1maws_opensearch_domain.route53_logs: Still modifying... [id=arn:aws:es:ap-northeast-2:404457776061:domain/y2om-route53-dns-logs, 13m20s elapsed][0m[0m
[0m[1maws_opensearch_domain.route53_logs: Still modifying... [id=arn:aws:es:ap-northeast-2:404457776061:domain/y2om-route53-dns-logs, 13m30s elapsed][0m[0m
[0m[1maws_opensearch_domain.route53_logs: Still modifying... [id=arn:aws:es:ap-northeast-2:404457776061:domain/y2om-route53-dns-logs, 13m40s elapsed][0m[0m
[0m[1maws_opensearch_domain.route53_logs: Still modifying... [id=arn:aws:es:ap-northeast-2:404457776061:domain/y2om-route53-dns-logs, 13m50s elapsed][0m[0m
[0m[1maws_opensearch_domain.route53_logs: Still modifying... [id=arn:aws:es:ap-northeast-2:404457776061:domain/y2om-route53-dns-logs, 14m0s elapsed][0m[0m
[0m[1maws_opensearch_domain.route53_logs: Still modifying... [id=arn:aws:es:ap-northeast-2:404457776061:domain/y2om-route53-dns-logs, 14m10s elapsed][0m[0m
[0m[1maws_opensearch_domain.route53_logs: Still modifying... [id=arn:aws:es:ap-northeast-2:404457776061:domain/y2om-route53-dns-logs, 14m20s elapsed][0m[0m
[0m[1maws_opensearch_domain.route53_logs: Still modifying... [id=arn:aws:es:ap-northeast-2:404457776061:domain/y2om-route53-dns-logs, 14m30s elapsed][0m[0m
[0m[1maws_opensearch_domain.route53_logs: Still modifying... [id=arn:aws:es:ap-northeast-2:404457776061:domain/y2om-route53-dns-logs, 14m40s elapsed][0m[0m
[0m[1maws_opensearch_domain.route53_logs: Still modifying... [id=arn:aws:es:ap-northeast-2:404457776061:domain/y2om-route53-dns-logs, 14m50s elapsed][0m[0m
[0m[1maws_opensearch_domain.route53_logs: Still modifying... [id=arn:aws:es:ap-northeast-2:404457776061:domain/y2om-route53-dns-logs, 15m0s elapsed][0m[0m
[0m[1maws_opensearch_domain.route53_logs: Still modifying... [id=arn:aws:es:ap-northeast-2:404457776061:domain/y2om-route53-dns-logs, 15m10s elapsed][0m[0m
[0m[1maws_opensearch_domain.route53_logs: Still modifying... [id=arn:aws:es:ap-northeast-2:404457776061:domain/y2om-route53-dns-logs, 15m20s elapsed][0m[0m
[0m[1maws_opensearch_domain.route53_logs: Still modifying... [id=arn:aws:es:ap-northeast-2:404457776061:domain/y2om-route53-dns-logs, 15m30s elapsed][0m[0m
[0m[1maws_opensearch_domain.route53_logs: Still modifying... [id=arn:aws:es:ap-northeast-2:404457776061:domain/y2om-route53-dns-logs, 15m40s elapsed][0m[0m
[0m[1maws_opensearch_domain.route53_logs: Still modifying... [id=arn:aws:es:ap-northeast-2:404457776061:domain/y2om-route53-dns-logs, 15m50s elapsed][0m[0m
[0m[1maws_opensearch_domain.route53_logs: Still modifying... [id=arn:aws:es:ap-northeast-2:404457776061:domain/y2om-route53-dns-logs, 16m0s elapsed][0m[0m
[0m[1maws_opensearch_domain.route53_logs: Still modifying... [id=arn:aws:es:ap-northeast-2:404457776061:domain/y2om-route53-dns-logs, 16m10s elapsed][0m[0m
[0m[1maws_opensearch_domain.route53_logs: Still modifying... [id=arn:aws:es:ap-northeast-2:404457776061:domain/y2om-route53-dns-logs, 16m20s elapsed][0m[0m
[0m[1maws_opensearch_domain.route53_logs: Still modifying... [id=arn:aws:es:ap-northeast-2:404457776061:domain/y2om-route53-dns-logs, 16m30s elapsed][0m[0m
[0m[1maws_opensearch_domain.route53_logs: Still modifying... [id=arn:aws:es:ap-northeast-2:404457776061:domain/y2om-route53-dns-logs, 16m40s elapsed][0m[0m
[0m[1maws_opensearch_domain.route53_logs: Still modifying... [id=arn:aws:es:ap-northeast-2:404457776061:domain/y2om-route53-dns-logs, 16m50s elapsed][0m[0m
[0m[1maws_opensearch_domain.route53_logs: Still modifying... [id=arn:aws:es:ap-northeast-2:404457776061:domain/y2om-route53-dns-logs, 17m0s elapsed][0m[0m
[0m[1maws_opensearch_domain.route53_logs: Still modifying... [id=arn:aws:es:ap-northeast-2:404457776061:domain/y2om-route53-dns-logs, 17m10s elapsed][0m[0m
[0m[1maws_opensearch_domain.route53_logs: Still modifying... [id=arn:aws:es:ap-northeast-2:404457776061:domain/y2om-route53-dns-logs, 17m20s elapsed][0m[0m
[0m[1maws_opensearch_domain.route53_logs: Still modifying... [id=arn:aws:es:ap-northeast-2:404457776061:domain/y2om-route53-dns-logs, 17m30s elapsed][0m[0m
[0m[1maws_opensearch_domain.route53_logs: Still modifying... [id=arn:aws:es:ap-northeast-2:404457776061:domain/y2om-route53-dns-logs, 17m40s elapsed][0m[0m
[0m[1maws_opensearch_domain.route53_logs: Still modifying... [id=arn:aws:es:ap-northeast-2:404457776061:domain/y2om-route53-dns-logs, 17m50s elapsed][0m[0m
[0m[1maws_opensearch_domain.route53_logs: Still modifying... [id=arn:aws:es:ap-northeast-2:404457776061:domain/y2om-route53-dns-logs, 18m0s elapsed][0m[0m
[0m[1maws_opensearch_domain.route53_logs: Still modifying... [id=arn:aws:es:ap-northeast-2:404457776061:domain/y2om-route53-dns-logs, 18m10s elapsed][0m[0m
[0m[1maws_opensearch_domain.route53_logs: Still modifying... [id=arn:aws:es:ap-northeast-2:404457776061:domain/y2om-route53-dns-logs, 18m20s elapsed][0m[0m
[0m[1maws_opensearch_domain.route53_logs: Still modifying... [id=arn:aws:es:ap-northeast-2:404457776061:domain/y2om-route53-dns-logs, 18m30s elapsed][0m[0m
[0m[1maws_opensearch_domain.route53_logs: Still modifying... [id=arn:aws:es:ap-northeast-2:404457776061:domain/y2om-route53-dns-logs, 18m40s elapsed][0m[0m
[0m[1maws_opensearch_domain.route53_logs: Still modifying... [id=arn:aws:es:ap-northeast-2:404457776061:domain/y2om-route53-dns-logs, 18m50s elapsed][0m[0m
[0m[1maws_opensearch_domain.route53_logs: Still modifying... [id=arn:aws:es:ap-northeast-2:404457776061:domain/y2om-route53-dns-logs, 19m0s elapsed][0m[0m
[0m[1maws_opensearch_domain.route53_logs: Still modifying... [id=arn:aws:es:ap-northeast-2:404457776061:domain/y2om-route53-dns-logs, 19m10s elapsed][0m[0m
[0m[1maws_opensearch_domain.route53_logs: Still modifying... [id=arn:aws:es:ap-northeast-2:404457776061:domain/y2om-route53-dns-logs, 19m20s elapsed][0m[0m
[0m[1maws_opensearch_domain.route53_logs: Still modifying... [id=arn:aws:es:ap-northeast-2:404457776061:domain/y2om-route53-dns-logs, 19m30s elapsed][0m[0m
[0m[1maws_opensearch_domain.route53_logs: Still modifying... [id=arn:aws:es:ap-northeast-2:404457776061:domain/y2om-route53-dns-logs, 19m40s elapsed][0m[0m
[0m[1maws_opensearch_domain.route53_logs: Still modifying... [id=arn:aws:es:ap-northeast-2:404457776061:domain/y2om-route53-dns-logs, 19m50s elapsed][0m[0m
[0m[1maws_opensearch_domain.route53_logs: Still modifying... [id=arn:aws:es:ap-northeast-2:404457776061:domain/y2om-route53-dns-logs, 20m0s elapsed][0m[0m
[0m[1maws_opensearch_domain.route53_logs: Still modifying... [id=arn:aws:es:ap-northeast-2:404457776061:domain/y2om-route53-dns-logs, 20m10s elapsed][0m[0m
[0m[1maws_opensearch_domain.route53_logs: Still modifying... [id=arn:aws:es:ap-northeast-2:404457776061:domain/y2om-route53-dns-logs, 20m20s elapsed][0m[0m
[0m[1maws_opensearch_domain.route53_logs: Still modifying... [id=arn:aws:es:ap-northeast-2:404457776061:domain/y2om-route53-dns-logs, 20m30s elapsed][0m[0m
[0m[1maws_opensearch_domain.route53_logs: Still modifying... [id=arn:aws:es:ap-northeast-2:404457776061:domain/y2om-route53-dns-logs, 20m40s elapsed][0m[0m
[0m[1maws_opensearch_domain.route53_logs: Still modifying... [id=arn:aws:es:ap-northeast-2:404457776061:domain/y2om-route53-dns-logs, 20m50s elapsed][0m[0m
[0m[1maws_opensearch_domain.route53_logs: Still modifying... [id=arn:aws:es:ap-northeast-2:404457776061:domain/y2om-route53-dns-logs, 21m0s elapsed][0m[0m
[0m[1maws_opensearch_domain.route53_logs: Still modifying... [id=arn:aws:es:ap-northeast-2:404457776061:domain/y2om-route53-dns-logs, 21m10s elapsed][0m[0m
[0m[1maws_opensearch_domain.route53_logs: Still modifying... [id=arn:aws:es:ap-northeast-2:404457776061:domain/y2om-route53-dns-logs, 21m20s elapsed][0m[0m
[0m[1maws_opensearch_domain.route53_logs: Still modifying... [id=arn:aws:es:ap-northeast-2:404457776061:domain/y2om-route53-dns-logs, 21m30s elapsed][0m[0m
[0m[1maws_opensearch_domain.route53_logs: Still modifying... [id=arn:aws:es:ap-northeast-2:404457776061:domain/y2om-route53-dns-logs, 21m40s elapsed][0m[0m
[0m[1maws_opensearch_domain.route53_logs: Still modifying... [id=arn:aws:es:ap-northeast-2:404457776061:domain/y2om-route53-dns-logs, 21m50s elapsed][0m[0m
[0m[1maws_opensearch_domain.route53_logs: Still modifying... [id=arn:aws:es:ap-northeast-2:404457776061:domain/y2om-route53-dns-logs, 22m0s elapsed][0m[0m
[0m[1maws_opensearch_domain.route53_logs: Still modifying... [id=arn:aws:es:ap-northeast-2:404457776061:domain/y2om-route53-dns-logs, 22m10s elapsed][0m[0m
[0m[1maws_opensearch_domain.route53_logs: Still modifying... [id=arn:aws:es:ap-northeast-2:404457776061:domain/y2om-route53-dns-logs, 22m20s elapsed][0m[0m
[0m[1maws_opensearch_domain.route53_logs: Still modifying... [id=arn:aws:es:ap-northeast-2:404457776061:domain/y2om-route53-dns-logs, 22m30s elapsed][0m[0m
[0m[1maws_opensearch_domain.route53_logs: Still modifying... [id=arn:aws:es:ap-northeast-2:404457776061:domain/y2om-route53-dns-logs, 22m40s elapsed][0m[0m
[0m[1maws_opensearch_domain.route53_logs: Still modifying... [id=arn:aws:es:ap-northeast-2:404457776061:domain/y2om-route53-dns-logs, 22m50s elapsed][0m[0m
[0m[1maws_opensearch_domain.route53_logs: Still modifying... [id=arn:aws:es:ap-northeast-2:404457776061:domain/y2om-route53-dns-logs, 23m0s elapsed][0m[0m
[0m[1maws_opensearch_domain.route53_logs: Still modifying... [id=arn:aws:es:ap-northeast-2:404457776061:domain/y2om-route53-dns-logs, 23m10s elapsed][0m[0m
[0m[1maws_opensearch_domain.route53_logs: Still modifying... [id=arn:aws:es:ap-northeast-2:404457776061:domain/y2om-route53-dns-logs, 23m20s elapsed][0m[0m
[0m[1maws_opensearch_domain.route53_logs: Still modifying... [id=arn:aws:es:ap-northeast-2:404457776061:domain/y2om-route53-dns-logs, 23m30s elapsed][0m[0m
[0m[1maws_opensearch_domain.route53_logs: Still modifying... [id=arn:aws:es:ap-northeast-2:404457776061:domain/y2om-route53-dns-logs, 23m40s elapsed][0m[0m
[0m[1maws_opensearch_domain.route53_logs: Still modifying... [id=arn:aws:es:ap-northeast-2:404457776061:domain/y2om-route53-dns-logs, 23m50s elapsed][0m[0m
[0m[1maws_opensearch_domain.route53_logs: Still modifying... [id=arn:aws:es:ap-northeast-2:404457776061:domain/y2om-route53-dns-logs, 24m0s elapsed][0m[0m
[0m[1maws_opensearch_domain.route53_logs: Still modifying... [id=arn:aws:es:ap-northeast-2:404457776061:domain/y2om-route53-dns-logs, 24m10s elapsed][0m[0m
[0m[1maws_opensearch_domain.route53_logs: Still modifying... [id=arn:aws:es:ap-northeast-2:404457776061:domain/y2om-route53-dns-logs, 24m20s elapsed][0m[0m
[0m[1maws_opensearch_domain.route53_logs: Still modifying... [id=arn:aws:es:ap-northeast-2:404457776061:domain/y2om-route53-dns-logs, 24m30s elapsed][0m[0m
[0m[1maws_opensearch_domain.route53_logs: Still modifying... [id=arn:aws:es:ap-northeast-2:404457776061:domain/y2om-route53-dns-logs, 24m40s elapsed][0m[0m
[0m[1maws_opensearch_domain.route53_logs: Still modifying... [id=arn:aws:es:ap-northeast-2:404457776061:domain/y2om-route53-dns-logs, 24m50s elapsed][0m[0m
[0m[1maws_opensearch_domain.route53_logs: Still modifying... [id=arn:aws:es:ap-northeast-2:404457776061:domain/y2om-route53-dns-logs, 25m0s elapsed][0m[0m
[0m[1maws_opensearch_domain.route53_logs: Still modifying... [id=arn:aws:es:ap-northeast-2:404457776061:domain/y2om-route53-dns-logs, 25m10s elapsed][0m[0m
[0m[1maws_opensearch_domain.route53_logs: Still modifying... [id=arn:aws:es:ap-northeast-2:404457776061:domain/y2om-route53-dns-logs, 25m20s elapsed][0m[0m
[0m[1maws_opensearch_domain.route53_logs: Still modifying... [id=arn:aws:es:ap-northeast-2:404457776061:domain/y2om-route53-dns-logs, 25m30s elapsed][0m[0m
[0m[1maws_opensearch_domain.route53_logs: Still modifying... [id=arn:aws:es:ap-northeast-2:404457776061:domain/y2om-route53-dns-logs, 25m40s elapsed][0m[0m
[0m[1maws_opensearch_domain.route53_logs: Still modifying... [id=arn:aws:es:ap-northeast-2:404457776061:domain/y2om-route53-dns-logs, 25m50s elapsed][0m[0m
[0m[1maws_opensearch_domain.route53_logs: Still modifying... [id=arn:aws:es:ap-northeast-2:404457776061:domain/y2om-route53-dns-logs, 26m0s elapsed][0m[0m
[0m[1maws_opensearch_domain.route53_logs: Still modifying... [id=arn:aws:es:ap-northeast-2:404457776061:domain/y2om-route53-dns-logs, 26m10s elapsed][0m[0m
[0m[1maws_opensearch_domain.route53_logs: Still modifying... [id=arn:aws:es:ap-northeast-2:404457776061:domain/y2om-route53-dns-logs, 26m20s elapsed][0m[0m
[0m[1maws_opensearch_domain.route53_logs: Still modifying... [id=arn:aws:es:ap-northeast-2:404457776061:domain/y2om-route53-dns-logs, 26m30s elapsed][0m[0m
[0m[1maws_opensearch_domain.route53_logs: Still modifying... [id=arn:aws:es:ap-northeast-2:404457776061:domain/y2om-route53-dns-logs, 26m40s elapsed][0m[0m
[0m[1maws_opensearch_domain.route53_logs: Still modifying... [id=arn:aws:es:ap-northeast-2:404457776061:domain/y2om-route53-dns-logs, 26m50s elapsed][0m[0m
[0m[1maws_opensearch_domain.route53_logs: Still modifying... [id=arn:aws:es:ap-northeast-2:404457776061:domain/y2om-route53-dns-logs, 27m0s elapsed][0m[0m
[0m[1maws_opensearch_domain.route53_logs: Still modifying... [id=arn:aws:es:ap-northeast-2:404457776061:domain/y2om-route53-dns-logs, 27m10s elapsed][0m[0m
[0m[1maws_opensearch_domain.route53_logs: Still modifying... [id=arn:aws:es:ap-northeast-2:404457776061:domain/y2om-route53-dns-logs, 27m20s elapsed][0m[0m
[0m[1maws_opensearch_domain.route53_logs: Still modifying... [id=arn:aws:es:ap-northeast-2:404457776061:domain/y2om-route53-dns-logs, 27m30s elapsed][0m[0m
[0m[1maws_opensearch_domain.route53_logs: Still modifying... [id=arn:aws:es:ap-northeast-2:404457776061:domain/y2om-route53-dns-logs, 27m40s elapsed][0m[0m
[0m[1maws_opensearch_domain.route53_logs: Still modifying... [id=arn:aws:es:ap-northeast-2:404457776061:domain/y2om-route53-dns-logs, 27m50s elapsed][0m[0m
[0m[1maws_opensearch_domain.route53_logs: Still modifying... [id=arn:aws:es:ap-northeast-2:404457776061:domain/y2om-route53-dns-logs, 28m0s elapsed][0m[0m
[0m[1maws_opensearch_domain.route53_logs: Still modifying... [id=arn:aws:es:ap-northeast-2:404457776061:domain/y2om-route53-dns-logs, 28m10s elapsed][0m[0m
[0m[1maws_opensearch_domain.route53_logs: Still modifying... [id=arn:aws:es:ap-northeast-2:404457776061:domain/y2om-route53-dns-logs, 28m20s elapsed][0m[0m
[0m[1maws_opensearch_domain.route53_logs: Still modifying... [id=arn:aws:es:ap-northeast-2:404457776061:domain/y2om-route53-dns-logs, 28m30s elapsed][0m[0m
[0m[1maws_opensearch_domain.route53_logs: Still modifying... [id=arn:aws:es:ap-northeast-2:404457776061:domain/y2om-route53-dns-logs, 28m40s elapsed][0m[0m
[0m[1maws_opensearch_domain.route53_logs: Still modifying... [id=arn:aws:es:ap-northeast-2:404457776061:domain/y2om-route53-dns-logs, 28m50s elapsed][0m[0m
[0m[1maws_opensearch_domain.route53_logs: Still modifying... [id=arn:aws:es:ap-northeast-2:404457776061:domain/y2om-route53-dns-logs, 29m0s elapsed][0m[0m
[0m[1maws_opensearch_domain.route53_logs: Still modifying... [id=arn:aws:es:ap-northeast-2:404457776061:domain/y2om-route53-dns-logs, 29m10s elapsed][0m[0m
[0m[1maws_opensearch_domain.route53_logs: Still modifying... [id=arn:aws:es:ap-northeast-2:404457776061:domain/y2om-route53-dns-logs, 29m20s elapsed][0m[0m
[0m[1maws_opensearch_domain.route53_logs: Still modifying... [id=arn:aws:es:ap-northeast-2:404457776061:domain/y2om-route53-dns-logs, 29m30s elapsed][0m[0m
[0m[1maws_opensearch_domain.route53_logs: Still modifying... [id=arn:aws:es:ap-northeast-2:404457776061:domain/y2om-route53-dns-logs, 29m40s elapsed][0m[0m
[0m[1maws_opensearch_domain.route53_logs: Still modifying... [id=arn:aws:es:ap-northeast-2:404457776061:domain/y2om-route53-dns-logs, 29m50s elapsed][0m[0m
[0m[1maws_opensearch_domain.route53_logs: Still modifying... [id=arn:aws:es:ap-northeast-2:404457776061:domain/y2om-route53-dns-logs, 30m0s elapsed][0m[0m
[0m[1maws_opensearch_domain.route53_logs: Still modifying... [id=arn:aws:es:ap-northeast-2:404457776061:domain/y2om-route53-dns-logs, 30m10s elapsed][0m[0m
[0m[1maws_opensearch_domain.route53_logs: Still modifying... [id=arn:aws:es:ap-northeast-2:404457776061:domain/y2om-route53-dns-logs, 30m20s elapsed][0m[0m
[0m[1maws_opensearch_domain.route53_logs: Still modifying... [id=arn:aws:es:ap-northeast-2:404457776061:domain/y2om-route53-dns-logs, 30m30s elapsed][0m[0m
[0m[1maws_opensearch_domain.route53_logs: Still modifying... [id=arn:aws:es:ap-northeast-2:404457776061:domain/y2om-route53-dns-logs, 30m40s elapsed][0m[0m
[0m[1maws_opensearch_domain.route53_logs: Still modifying... [id=arn:aws:es:ap-northeast-2:404457776061:domain/y2om-route53-dns-logs, 30m50s elapsed][0m[0m
[0m[1maws_opensearch_domain.route53_logs: Still modifying... [id=arn:aws:es:ap-northeast-2:404457776061:domain/y2om-route53-dns-logs, 31m0s elapsed][0m[0m
[0m[1maws_opensearch_domain.route53_logs: Still modifying... [id=arn:aws:es:ap-northeast-2:404457776061:domain/y2om-route53-dns-logs, 31m10s elapsed][0m[0m
[0m[1maws_opensearch_domain.route53_logs: Still modifying... [id=arn:aws:es:ap-northeast-2:404457776061:domain/y2om-route53-dns-logs, 31m20s elapsed][0m[0m
[0m[1maws_opensearch_domain.route53_logs: Still modifying... [id=arn:aws:es:ap-northeast-2:404457776061:domain/y2om-route53-dns-logs, 31m30s elapsed][0m[0m
[0m[1maws_opensearch_domain.route53_logs: Still modifying... [id=arn:aws:es:ap-northeast-2:404457776061:domain/y2om-route53-dns-logs, 31m40s elapsed][0m[0m
[0m[1maws_opensearch_domain.route53_logs: Still modifying... [id=arn:aws:es:ap-northeast-2:404457776061:domain/y2om-route53-dns-logs, 31m50s elapsed][0m[0m
[0m[1maws_opensearch_domain.route53_logs: Still modifying... [id=arn:aws:es:ap-northeast-2:404457776061:domain/y2om-route53-dns-logs, 32m0s elapsed][0m[0m
[0m[1maws_opensearch_domain.route53_logs: Still modifying... [id=arn:aws:es:ap-northeast-2:404457776061:domain/y2om-route53-dns-logs, 32m10s elapsed][0m[0m
[0m[1maws_opensearch_domain.route53_logs: Still modifying... [id=arn:aws:es:ap-northeast-2:404457776061:domain/y2om-route53-dns-logs, 32m20s elapsed][0m[0m
[0m[1maws_opensearch_domain.route53_logs: Still modifying... [id=arn:aws:es:ap-northeast-2:404457776061:domain/y2om-route53-dns-logs, 32m30s elapsed][0m[0m
[0m[1maws_opensearch_domain.route53_logs: Still modifying... [id=arn:aws:es:ap-northeast-2:404457776061:domain/y2om-route53-dns-logs, 32m40s elapsed][0m[0m
[0m[1maws_opensearch_domain.route53_logs: Still modifying... [id=arn:aws:es:ap-northeast-2:404457776061:domain/y2om-route53-dns-logs, 32m50s elapsed][0m[0m
[0m[1maws_opensearch_domain.route53_logs: Still modifying... [id=arn:aws:es:ap-northeast-2:404457776061:domain/y2om-route53-dns-logs, 33m0s elapsed][0m[0m
[0m[1maws_opensearch_domain.route53_logs: Still modifying... [id=arn:aws:es:ap-northeast-2:404457776061:domain/y2om-route53-dns-logs, 33m10s elapsed][0m[0m
[0m[1maws_opensearch_domain.route53_logs: Still modifying... [id=arn:aws:es:ap-northeast-2:404457776061:domain/y2om-route53-dns-logs, 33m20s elapsed][0m[0m
[0m[1maws_opensearch_domain.route53_logs: Still modifying... [id=arn:aws:es:ap-northeast-2:404457776061:domain/y2om-route53-dns-logs, 33m30s elapsed][0m[0m
[0m[1maws_opensearch_domain.route53_logs: Still modifying... [id=arn:aws:es:ap-northeast-2:404457776061:domain/y2om-route53-dns-logs, 33m40s elapsed][0m[0m
[0m[1maws_opensearch_domain.route53_logs: Still modifying... [id=arn:aws:es:ap-northeast-2:404457776061:domain/y2om-route53-dns-logs, 33m50s elapsed][0m[0m
[0m[1maws_opensearch_domain.route53_logs: Still modifying... [id=arn:aws:es:ap-northeast-2:404457776061:domain/y2om-route53-dns-logs, 34m0s elapsed][0m[0m
[0m[1maws_opensearch_domain.route53_logs: Still modifying... [id=arn:aws:es:ap-northeast-2:404457776061:domain/y2om-route53-dns-logs, 34m10s elapsed][0m[0m
[0m[1maws_opensearch_domain.route53_logs: Still modifying... [id=arn:aws:es:ap-northeast-2:404457776061:domain/y2om-route53-dns-logs, 34m20s elapsed][0m[0m
[0m[1maws_opensearch_domain.route53_logs: Still modifying... [id=arn:aws:es:ap-northeast-2:404457776061:domain/y2om-route53-dns-logs, 34m30s elapsed][0m[0m
[0m[1maws_opensearch_domain.route53_logs: Still modifying... [id=arn:aws:es:ap-northeast-2:404457776061:domain/y2om-route53-dns-logs, 34m40s elapsed][0m[0m
[0m[1maws_opensearch_domain.route53_logs: Still modifying... [id=arn:aws:es:ap-northeast-2:404457776061:domain/y2om-route53-dns-logs, 34m50s elapsed][0m[0m
[0m[1maws_opensearch_domain.route53_logs: Still modifying... [id=arn:aws:es:ap-northeast-2:404457776061:domain/y2om-route53-dns-logs, 35m0s elapsed][0m[0m
[0m[1maws_opensearch_domain.route53_logs: Still modifying... [id=arn:aws:es:ap-northeast-2:404457776061:domain/y2om-route53-dns-logs, 35m10s elapsed][0m[0m
[0m[1maws_opensearch_domain.route53_logs: Still modifying... [id=arn:aws:es:ap-northeast-2:404457776061:domain/y2om-route53-dns-logs, 35m20s elapsed][0m[0m
[0m[1maws_opensearch_domain.route53_logs: Still modifying... [id=arn:aws:es:ap-northeast-2:404457776061:domain/y2om-route53-dns-logs, 35m30s elapsed][0m[0m
[0m[1maws_opensearch_domain.route53_logs: Still modifying... [id=arn:aws:es:ap-northeast-2:404457776061:domain/y2om-route53-dns-logs, 35m40s elapsed][0m[0m
[0m[1maws_opensearch_domain.route53_logs: Still modifying... [id=arn:aws:es:ap-northeast-2:404457776061:domain/y2om-route53-dns-logs, 35m50s elapsed][0m[0m
[0m[1maws_opensearch_domain.route53_logs: Still modifying... [id=arn:aws:es:ap-northeast-2:404457776061:domain/y2om-route53-dns-logs, 36m0s elapsed][0m[0m
[0m[1maws_opensearch_domain.route53_logs: Still modifying... [id=arn:aws:es:ap-northeast-2:404457776061:domain/y2om-route53-dns-logs, 36m10s elapsed][0m[0m
[0m[1maws_opensearch_domain.route53_logs: Still modifying... [id=arn:aws:es:ap-northeast-2:404457776061:domain/y2om-route53-dns-logs, 36m20s elapsed][0m[0m
[0m[1maws_opensearch_domain.route53_logs: Still modifying... [id=arn:aws:es:ap-northeast-2:404457776061:domain/y2om-route53-dns-logs, 36m30s elapsed][0m[0m
[0m[1maws_opensearch_domain.route53_logs: Still modifying... [id=arn:aws:es:ap-northeast-2:404457776061:domain/y2om-route53-dns-logs, 36m40s elapsed][0m[0m
[0m[1maws_opensearch_domain.route53_logs: Still modifying... [id=arn:aws:es:ap-northeast-2:404457776061:domain/y2om-route53-dns-logs, 36m50s elapsed][0m[0m
[0m[1maws_opensearch_domain.route53_logs: Still modifying... [id=arn:aws:es:ap-northeast-2:404457776061:domain/y2om-route53-dns-logs, 37m0s elapsed][0m[0m
[0m[1maws_opensearch_domain.route53_logs: Still modifying... [id=arn:aws:es:ap-northeast-2:404457776061:domain/y2om-route53-dns-logs, 37m10s elapsed][0m[0m
[0m[1maws_opensearch_domain.route53_logs: Still modifying... [id=arn:aws:es:ap-northeast-2:404457776061:domain/y2om-route53-dns-logs, 37m20s elapsed][0m[0m
[0m[1maws_opensearch_domain.route53_logs: Still modifying... [id=arn:aws:es:ap-northeast-2:404457776061:domain/y2om-route53-dns-logs, 37m30s elapsed][0m[0m
[0m[1maws_opensearch_domain.route53_logs: Still modifying... [id=arn:aws:es:ap-northeast-2:404457776061:domain/y2om-route53-dns-logs, 37m40s elapsed][0m[0m
[0m[1maws_opensearch_domain.route53_logs: Still modifying... [id=arn:aws:es:ap-northeast-2:404457776061:domain/y2om-route53-dns-logs, 37m50s elapsed][0m[0m
[0m[1maws_opensearch_domain.route53_logs: Still modifying... [id=arn:aws:es:ap-northeast-2:404457776061:domain/y2om-route53-dns-logs, 38m0s elapsed][0m[0m
[0m[1maws_opensearch_domain.route53_logs: Still modifying... [id=arn:aws:es:ap-northeast-2:404457776061:domain/y2om-route53-dns-logs, 38m10s elapsed][0m[0m
[0m[1maws_opensearch_domain.route53_logs: Still modifying... [id=arn:aws:es:ap-northeast-2:404457776061:domain/y2om-route53-dns-logs, 38m20s elapsed][0m[0m
[0m[1maws_opensearch_domain.route53_logs: Still modifying... [id=arn:aws:es:ap-northeast-2:404457776061:domain/y2om-route53-dns-logs, 38m30s elapsed][0m[0m
[0m[1maws_opensearch_domain.route53_logs: Still modifying... [id=arn:aws:es:ap-northeast-2:404457776061:domain/y2om-route53-dns-logs, 38m40s elapsed][0m[0m
[0m[1maws_opensearch_domain.route53_logs: Still modifying... [id=arn:aws:es:ap-northeast-2:404457776061:domain/y2om-route53-dns-logs, 38m50s elapsed][0m[0m
[0m[1maws_opensearch_domain.route53_logs: Still modifying... [id=arn:aws:es:ap-northeast-2:404457776061:domain/y2om-route53-dns-logs, 39m0s elapsed][0m[0m
[0m[1maws_opensearch_domain.route53_logs: Still modifying... [id=arn:aws:es:ap-northeast-2:404457776061:domain/y2om-route53-dns-logs, 39m10s elapsed][0m[0m
[0m[1maws_opensearch_domain.route53_logs: Still modifying... [id=arn:aws:es:ap-northeast-2:404457776061:domain/y2om-route53-dns-logs, 39m20s elapsed][0m[0m
[0m[1maws_opensearch_domain.route53_logs: Still modifying... [id=arn:aws:es:ap-northeast-2:404457776061:domain/y2om-route53-dns-logs, 39m30s elapsed][0m[0m
[0m[1maws_opensearch_domain.route53_logs: Still modifying... [id=arn:aws:es:ap-northeast-2:404457776061:domain/y2om-route53-dns-logs, 39m40s elapsed][0m[0m
[0m[1maws_opensearch_domain.route53_logs: Still modifying... [id=arn:aws:es:ap-northeast-2:404457776061:domain/y2om-route53-dns-logs, 39m50s elapsed][0m[0m
[0m[1maws_opensearch_domain.route53_logs: Still modifying... [id=arn:aws:es:ap-northeast-2:404457776061:domain/y2om-route53-dns-logs, 40m0s elapsed][0m[0m
[0m[1maws_opensearch_domain.route53_logs: Still modifying... [id=arn:aws:es:ap-northeast-2:404457776061:domain/y2om-route53-dns-logs, 40m10s elapsed][0m[0m
[0m[1maws_opensearch_domain.route53_logs: Still modifying... [id=arn:aws:es:ap-northeast-2:404457776061:domain/y2om-route53-dns-logs, 40m20s elapsed][0m[0m
[0m[1maws_opensearch_domain.route53_logs: Still modifying... [id=arn:aws:es:ap-northeast-2:404457776061:domain/y2om-route53-dns-logs, 40m30s elapsed][0m[0m
[0m[1maws_opensearch_domain.route53_logs: Still modifying... [id=arn:aws:es:ap-northeast-2:404457776061:domain/y2om-route53-dns-logs, 40m40s elapsed][0m[0m
[0m[1maws_opensearch_domain.route53_logs: Still modifying... [id=arn:aws:es:ap-northeast-2:404457776061:domain/y2om-route53-dns-logs, 40m50s elapsed][0m[0m
[0m[1maws_opensearch_domain.route53_logs: Still modifying... [id=arn:aws:es:ap-northeast-2:404457776061:domain/y2om-route53-dns-logs, 41m0s elapsed][0m[0m
[0m[1maws_opensearch_domain.route53_logs: Still modifying... [id=arn:aws:es:ap-northeast-2:404457776061:domain/y2om-route53-dns-logs, 41m10s elapsed][0m[0m
[0m[1maws_opensearch_domain.route53_logs: Still modifying... [id=arn:aws:es:ap-northeast-2:404457776061:domain/y2om-route53-dns-logs, 41m20s elapsed][0m[0m
[0m[1maws_opensearch_domain.route53_logs: Still modifying... [id=arn:aws:es:ap-northeast-2:404457776061:domain/y2om-route53-dns-logs, 41m30s elapsed][0m[0m
[0m[1maws_opensearch_domain.route53_logs: Still modifying... [id=arn:aws:es:ap-northeast-2:404457776061:domain/y2om-route53-dns-logs, 41m40s elapsed][0m[0m
[0m[1maws_opensearch_domain.route53_logs: Still modifying... [id=arn:aws:es:ap-northeast-2:404457776061:domain/y2om-route53-dns-logs, 41m50s elapsed][0m[0m
[0m[1maws_opensearch_domain.route53_logs: Still modifying... [id=arn:aws:es:ap-northeast-2:404457776061:domain/y2om-route53-dns-logs, 42m0s elapsed][0m[0m
[0m[1maws_opensearch_domain.route53_logs: Still modifying... [id=arn:aws:es:ap-northeast-2:404457776061:domain/y2om-route53-dns-logs, 42m10s elapsed][0m[0m
[0m[1maws_opensearch_domain.route53_logs: Still modifying... [id=arn:aws:es:ap-northeast-2:404457776061:domain/y2om-route53-dns-logs, 42m20s elapsed][0m[0m
[0m[1maws_opensearch_domain.route53_logs: Still modifying... [id=arn:aws:es:ap-northeast-2:404457776061:domain/y2om-route53-dns-logs, 42m30s elapsed][0m[0m
[0m[1maws_opensearch_domain.route53_logs: Still modifying... [id=arn:aws:es:ap-northeast-2:404457776061:domain/y2om-route53-dns-logs, 42m40s elapsed][0m[0m
[0m[1maws_opensearch_domain.route53_logs: Still modifying... [id=arn:aws:es:ap-northeast-2:404457776061:domain/y2om-route53-dns-logs, 42m50s elapsed][0m[0m
[0m[1maws_opensearch_domain.route53_logs: Still modifying... [id=arn:aws:es:ap-northeast-2:404457776061:domain/y2om-route53-dns-logs, 43m0s elapsed][0m[0m
[0m[1maws_opensearch_domain.route53_logs: Still modifying... [id=arn:aws:es:ap-northeast-2:404457776061:domain/y2om-route53-dns-logs, 43m10s elapsed][0m[0m
[0m[1maws_opensearch_domain.route53_logs: Still modifying... [id=arn:aws:es:ap-northeast-2:404457776061:domain/y2om-route53-dns-logs, 43m20s elapsed][0m[0m
[0m[1maws_opensearch_domain.route53_logs: Still modifying... [id=arn:aws:es:ap-northeast-2:404457776061:domain/y2om-route53-dns-logs, 43m30s elapsed][0m[0m
[0m[1maws_opensearch_domain.route53_logs: Still modifying... [id=arn:aws:es:ap-northeast-2:404457776061:domain/y2om-route53-dns-logs, 43m40s elapsed][0m[0m
[0m[1maws_opensearch_domain.route53_logs: Still modifying... [id=arn:aws:es:ap-northeast-2:404457776061:domain/y2om-route53-dns-logs, 43m50s elapsed][0m[0m
[0m[1maws_opensearch_domain.route53_logs: Modifications complete after 43m55s [id=arn:aws:es:ap-northeast-2:404457776061:domain/y2om-route53-dns-logs][0m
[0m[1m[32m
Apply complete! Resources: 0 added, 1 changed, 0 destroyed.
[0m[0m[1m[32m
Outputs:

[0mcloudwatch_log_group_arn = "arn:aws:logs:us-east-1:404457776061:log-group:/aws/route53/y2om-query-logs"
lambda_function_arn = "arn:aws:lambda:ap-northeast-2:404457776061:function:y2om-route53-dns-log-processor"
lambda_function_name = "y2om-route53-dns-log-processor"
opensearch_dashboard_url = "search-y2om-route53-dns-logs-bohzgznmdbagmk3va45ufbcgoy.ap-northeast-2.es.amazonaws.com/_dashboards"
opensearch_endpoint = "search-y2om-route53-dns-logs-bohzgznmdbagmk3va45ufbcgoy.ap-northeast-2.es.amazonaws.com"
route53_query_log_id = "0a63bd6d-75a0-480e-bbb3-a51ea1dad037"
